[03-May-2026 14:18:19 Asia/Ho_Chi_Minh] PHP Fatal error:  Uncaught Error: Call to undefined function authenticate() in C:\xampp\htdocs\customer_management\backend\api\auth.php:170
Stack trace:
#0 {main}
  thrown in C:\xampp\htdocs\customer_management\backend\api\auth.php on line 170
[03-May-2026 14:18:20 Asia/Ho_Chi_Minh] PHP Warning:  Undefined array key "total" in C:\xampp\htdocs\customer_management\backend\config\database.php on line 199
[03-May-2026 14:18:20 Asia/Ho_Chi_Minh] PHP Warning:  Undefined array key "total" in C:\xampp\htdocs\customer_management\backend\config\database.php on line 199
[03-May-2026 14:18:20 Asia/Ho_Chi_Minh] PHP Warning:  Undefined array key "total" in C:\xampp\htdocs\customer_management\backend\config\database.php on line 199
[03-May-2026 14:18:26 Asia/Ho_Chi_Minh] PHP Warning:  Undefined array key "total" in C:\xampp\htdocs\customer_management\backend\config\database.php on line 199
[03-May-2026 14:18:26 Asia/Ho_Chi_Minh] PHP Warning:  Undefined array key "total" in C:\xampp\htdocs\customer_management\backend\config\database.php on line 199
[03-May-2026 14:18:26 Asia/Ho_Chi_Minh] PHP Fatal error:  Uncaught Error: Call to undefined function authenticate() in C:\xampp\htdocs\customer_management\backend\api\auth.php:170
Stack trace:
#0 {main}
  thrown in C:\xampp\htdocs\customer_management\backend\api\auth.php on line 170
[03-May-2026 14:18:28 Asia/Ho_Chi_Minh] PHP Fatal error:  Uncaught Error: Call to undefined function authenticate() in C:\xampp\htdocs\customer_management\backend\api\auth.php:170
Stack trace:
#0 {main}
  thrown in C:\xampp\htdocs\customer_management\backend\api\auth.php on line 170
[03-May-2026 14:18:28 Asia/Ho_Chi_Minh] PHP Warning:  Undefined array key "total" in C:\xampp\htdocs\customer_management\backend\config\database.php on line 199
[03-May-2026 14:18:28 Asia/Ho_Chi_Minh] PHP Warning:  Undefined array key "total" in C:\xampp\htdocs\customer_management\backend\config\database.php on line 199
[03-May-2026 14:18:28 Asia/Ho_Chi_Minh] PHP Warning:  Undefined array key "total" in C:\xampp\htdocs\customer_management\backend\config\database.php on line 199
[03-May-2026 14:18:28 Asia/Ho_Chi_Minh] PHP Warning:  Undefined array key "total" in C:\xampp\htdocs\customer_management\backend\config\database.php on line 199
[03-May-2026 14:18:29 Asia/Ho_Chi_Minh] PHP Fatal error:  Uncaught Error: Call to undefined function authenticate() in C:\xampp\htdocs\customer_management\backend\api\auth.php:170
Stack trace:
#0 {main}
  thrown in C:\xampp\htdocs\customer_management\backend\api\auth.php on line 170
[03-May-2026 14:18:29 Asia/Ho_Chi_Minh] PHP Warning:  Undefined array key "total" in C:\xampp\htdocs\customer_management\backend\config\database.php on line 199
[03-May-2026 14:18:30 Asia/Ho_Chi_Minh] PHP Warning:  Undefined array key "total" in C:\xampp\htdocs\customer_management\backend\config\database.php on line 199
[03-May-2026 14:18:30 Asia/Ho_Chi_Minh] PHP Fatal error:  Uncaught Error: Call to undefined function authenticate() in C:\xampp\htdocs\customer_management\backend\api\auth.php:170
Stack trace:
#0 {main}
  thrown in C:\xampp\htdocs\customer_management\backend\api\auth.php on line 170
[03-May-2026 14:18:30 Asia/Ho_Chi_Minh] PHP Warning:  Undefined array key "total" in C:\xampp\htdocs\customer_management\backend\config\database.php on line 199
[03-May-2026 14:19:08 Asia/Ho_Chi_Minh] PHP Warning:  Undefined array key "total" in C:\xampp\htdocs\customer_management\backend\config\database.php on line 199
[03-May-2026 14:19:22 Asia/Ho_Chi_Minh] PHP Fatal error:  Uncaught Error: Call to undefined function authenticate() in C:\xampp\htdocs\customer_management\backend\api\auth.php:170
Stack trace:
#0 {main}
  thrown in C:\xampp\htdocs\customer_management\backend\api\auth.php on line 170
[03-May-2026 14:19:25 Asia/Ho_Chi_Minh] PHP Fatal error:  Uncaught Error: Call to undefined function authenticate() in C:\xampp\htdocs\customer_management\backend\api\auth.php:170
Stack trace:
#0 {main}
  thrown in C:\xampp\htdocs\customer_management\backend\api\auth.php on line 170
[03-May-2026 14:19:25 Asia/Ho_Chi_Minh] PHP Warning:  Undefined array key "total" in C:\xampp\htdocs\customer_management\backend\config\database.php on line 199
[03-May-2026 14:19:25 Asia/Ho_Chi_Minh] PHP Warning:  Undefined array key "total" in C:\xampp\htdocs\customer_management\backend\config\database.php on line 199
[03-May-2026 14:19:25 Asia/Ho_Chi_Minh] PHP Warning:  Undefined array key "total" in C:\xampp\htdocs\customer_management\backend\config\database.php on line 199
[03-May-2026 14:19:36 Asia/Ho_Chi_Minh] PHP Warning:  Undefined array key "total" in C:\xampp\htdocs\customer_management\backend\config\database.php on line 199
[03-May-2026 14:19:36 Asia/Ho_Chi_Minh] PHP Fatal error:  Uncaught Error: Call to undefined function authenticate() in C:\xampp\htdocs\customer_management\backend\api\auth.php:170
Stack trace:
#0 {main}
  thrown in C:\xampp\htdocs\customer_management\backend\api\auth.php on line 170
[03-May-2026 14:19:36 Asia/Ho_Chi_Minh] PHP Warning:  Undefined array key "total" in C:\xampp\htdocs\customer_management\backend\config\database.php on line 199
[03-May-2026 14:19:45 Asia/Ho_Chi_Minh] PHP Warning:  Undefined array key "total" in C:\xampp\htdocs\customer_management\backend\config\database.php on line 199
[03-May-2026 14:19:45 Asia/Ho_Chi_Minh] PHP Fatal error:  Uncaught Error: Call to undefined function authenticate() in C:\xampp\htdocs\customer_management\backend\api\auth.php:170
Stack trace:
#0 {main}
  thrown in C:\xampp\htdocs\customer_management\backend\api\auth.php on line 170
[03-May-2026 14:19:45 Asia/Ho_Chi_Minh] PHP Warning:  Undefined array key "total" in C:\xampp\htdocs\customer_management\backend\config\database.php on line 199
[03-May-2026 14:19:45 Asia/Ho_Chi_Minh] PHP Warning:  Undefined array key "total" in C:\xampp\htdocs\customer_management\backend\config\database.php on line 199
[03-May-2026 14:19:45 Asia/Ho_Chi_Minh] PHP Warning:  Undefined array key "total" in C:\xampp\htdocs\customer_management\backend\config\database.php on line 199
[03-May-2026 14:19:52 Asia/Ho_Chi_Minh] PHP Fatal error:  Uncaught Error: Call to undefined function authenticate() in C:\xampp\htdocs\customer_management\backend\api\auth.php:170
Stack trace:
#0 {main}
  thrown in C:\xampp\htdocs\customer_management\backend\api\auth.php on line 170
[03-May-2026 14:19:52 Asia/Ho_Chi_Minh] PHP Warning:  Undefined array key "total" in C:\xampp\htdocs\customer_management\backend\config\database.php on line 199
[03-May-2026 14:20:05 Asia/Ho_Chi_Minh] PHP Fatal error:  Uncaught Error: Call to undefined function authenticate() in C:\xampp\htdocs\customer_management\backend\api\auth.php:170
Stack trace:
#0 {main}
  thrown in C:\xampp\htdocs\customer_management\backend\api\auth.php on line 170
[03-May-2026 14:20:05 Asia/Ho_Chi_Minh] PHP Warning:  Undefined array key "total" in C:\xampp\htdocs\customer_management\backend\config\database.php on line 199
[03-May-2026 14:20:05 Asia/Ho_Chi_Minh] PHP Warning:  Undefined array key "total" in C:\xampp\htdocs\customer_management\backend\config\database.php on line 199
